
x = 10, y = 5
[0.06714932900000004, 0.06171167300000002, 0.05619472800000014, 0.05677798200000006, 0.055400101000000035, 0.05201936399999996, 0.05589306999999999, 0.052446127000000065, 0.053807190999999976, 0.05521932499999993]
   count      mean       std       min      25%       50%       75%       max
0   10.0  0.056662  0.004564  0.052019  0.05416  0.055647  0.056632  0.067149

x = 11, y = 5
[0.29568610400000006, 0.28966192599999996, 0.280959449, 0.288155454, 0.29116965799999983, 0.28425524599999985, 0.2852464160000001, 0.2944822189999998, 0.2866576469999993, 0.2843916689999997]
   count      mean       std       min       25%       50%       75%       max
0   10.0  0.288067  0.004713  0.280959  0.284605  0.287407  0.290793  0.295686

x = 12, y = 6
[2.141583066, 2.0075155860000002, 2.0468346630000003, 2.0421942690000012, 2.001769973, 2.049838322000001, 2.004077669000001, 2.0380543089999996, 2.0874271469999996, 2.095604687999998]
   count     mean       std      min      25%       50%      75%       max
0   10.0  2.05149  0.045092  2.00177  2.01515  2.044514  2.07803  2.141583

x = 13, y = 6
[12.418526877000001, 12.681076375000004, 12.482278816999994, 12.450807061999996, 12.34876097, 12.540281391999997, 12.551937802000012, 12.300113118000013, 12.474331288999991, 12.37653493099998]
   count       mean       std        min        25%        50%        75%        max
0   10.0  12.462465  0.111117  12.300113  12.387033  12.462569  12.525781  12.681076

x = 13, y = 7
[15.151510288000026, 15.163368829999996, 14.783158025000006, 15.067483950999986, 15.028260896999996, 15.249771124000006, 14.949084091000003, 14.896514274999987, 15.002191582000023, 14.899612114000035]
   count       mean       std        min       25%        50%        75%        max
0   10.0  15.019096  0.143039  14.783158  14.91198  15.015226  15.130504  15.249771

x = 14, y = 7
[96.82720858699997, 96.42669443499994, 111.40211337499994, 110.68697442199993, 109.41686900900004, 111.41429543699996, 113.16091820299994, 110.9050645100001, 109.03326104999996, 109.91234043699978]
   count        mean       std        min         25%         50%         75%         max
0   10.0  107.918574  6.064145  96.426694  109.129163  110.299657  111.277851  113.160918